[debug] [2020-09-01T21:40:53.393Z] ----------------------------------------------------------------------
[debug] [2020-09-01T21:40:53.395Z] Command:       /home/gilberto/.nvm/versions/node/v14.9.0/bin/node /mnt/c/Users/Gilbe/OneDrive/Documents/projects/node/firebase_functions/node_modules/.bin/firebase serve
[debug] [2020-09-01T21:40:53.395Z] CLI Version:   8.9.2
[debug] [2020-09-01T21:40:53.395Z] Platform:      linux
[debug] [2020-09-01T21:40:53.395Z] Node Version:  v14.9.0
[debug] [2020-09-01T21:40:53.396Z] Time:          Tue Sep 01 2020 14:40:53 GMT-0700 (Pacific Daylight Time)
[debug] [2020-09-01T21:40:53.396Z] ----------------------------------------------------------------------
[debug] [2020-09-01T21:40:53.396Z] 
[debug] [2020-09-01T21:40:53.433Z] > command requires scopes: ["email","openid","https://www.googleapis.com/auth/cloudplatformprojects.readonly","https://www.googleapis.com/auth/firebase","https://www.googleapis.com/auth/cloud-platform"]
[debug] [2020-09-01T21:40:53.433Z] > authorizing via signed-in user
[debug] [2020-09-01T21:40:53.434Z] [iam] checking project fir-functions-15864 for permissions ["firebase.projects.get"]
[debug] [2020-09-01T21:40:53.444Z] >>> HTTP REQUEST POST https://cloudresourcemanager.googleapis.com/v1/projects/fir-functions-15864:testIamPermissions  
 {"permissions":["firebase.projects.get"]}
[debug] [2020-09-01T21:40:53.940Z] <<< HTTP RESPONSE 200 {"content-type":"application/json; charset=UTF-8","vary":"X-Origin, Referer, Origin,Accept-Encoding","date":"Tue, 01 Sep 2020 21:40:53 GMT","server":"ESF","cache-control":"private","x-xss-protection":"0","x-frame-options":"SAMEORIGIN","x-content-type-options":"nosniff","server-timing":"gfet4t7; dur=70","alt-svc":"h3-29=\":443\"; ma=2592000,h3-27=\":443\"; ma=2592000,h3-T051=\":443\"; ma=2592000,h3-T050=\":443\"; ma=2592000,h3-Q050=\":443\"; ma=2592000,h3-Q046=\":443\"; ma=2592000,h3-Q043=\":443\"; ma=2592000,quic=\":443\"; ma=2592000; v=\"46,43\"","accept-ranges":"none","transfer-encoding":"chunked"}
[debug] [2020-09-01T21:40:53.941Z] >>> HTTP REQUEST GET https://firebase.googleapis.com/v1beta1/projects/fir-functions-15864  
 
[debug] [2020-09-01T21:40:54.530Z] <<< HTTP RESPONSE 200 {"content-type":"application/json; charset=UTF-8","vary":"X-Origin, Referer, Origin,Accept-Encoding","date":"Tue, 01 Sep 2020 21:40:54 GMT","server":"ESF","cache-control":"private","x-xss-protection":"0","x-frame-options":"SAMEORIGIN","x-content-type-options":"nosniff","alt-svc":"h3-29=\":443\"; ma=2592000,h3-27=\":443\"; ma=2592000,h3-T051=\":443\"; ma=2592000,h3-T050=\":443\"; ma=2592000,h3-Q050=\":443\"; ma=2592000,h3-Q046=\":443\"; ma=2592000,h3-Q043=\":443\"; ma=2592000,quic=\":443\"; ma=2592000; v=\"46,43\"","accept-ranges":"none","transfer-encoding":"chunked"}
[info] 
[info] === Serving from '/mnt/c/Users/Gilbe/OneDrive/Documents/projects/node/firebase_functions'...
[info] 
[warn] ⚠  Your requested "node" version "10" doesn't match your global version "14" {"metadata":{"emulator":{"name":"functions"},"message":"Your requested \"node\" version \"10\" doesn't match your global version \"14\""}}
[debug] [2020-09-01T21:40:54.563Z] defaultcredentials: writing to file /home/gilberto/.config/firebase/olivasgilberto_gmail_com_application_default_credentials.json
[debug] [2020-09-01T21:40:54.565Z] Setting GAC to /home/gilberto/.config/firebase/olivasgilberto_gmail_com_application_default_credentials.json {"metadata":{"emulator":{"name":"functions"},"message":"Setting GAC to /home/gilberto/.config/firebase/olivasgilberto_gmail_com_application_default_credentials.json"}}
[info] i  functions: Watching "/mnt/c/Users/Gilbe/OneDrive/Documents/projects/node/firebase_functions/functions" for Cloud Functions... {"metadata":{"emulator":{"name":"functions"},"message":"Watching \"/mnt/c/Users/Gilbe/OneDrive/Documents/projects/node/firebase_functions/functions\" for Cloud Functions..."}}
[debug] [2020-09-01T21:40:54.598Z] [worker-pool] addWorker(~diagnostic~) {"metadata":{"emulator":{"name":"functions"},"message":"[worker-pool] addWorker(~diagnostic~)"}}
[debug] [2020-09-01T21:40:54.598Z] [worker-pool] Adding worker with key ~diagnostic~, total=1 {"metadata":{"emulator":{"name":"functions"},"message":"[worker-pool] Adding worker with key ~diagnostic~, total=1"}}
[debug] [2020-09-01T21:40:54.598Z] [worker-pool] submitWork(triggerId=) {"metadata":{"emulator":{"name":"functions"},"message":"[worker-pool] submitWork(triggerId=)"}}
[debug] [2020-09-01T21:40:54.599Z] [worker-~diagnostic~-47d9fdb2-162b-4e18-b4d3-f365da624524]: Assigning socketPath: /tmp/fire_emu_28048.sock {"metadata":{"emulator":{"name":"functions"},"message":"[worker-~diagnostic~-47d9fdb2-162b-4e18-b4d3-f365da624524]: Assigning socketPath: /tmp/fire_emu_28048.sock"}}
[debug] [2020-09-01T21:40:54.599Z] [worker-~diagnostic~-47d9fdb2-162b-4e18-b4d3-f365da624524]: BUSY {"metadata":{"emulator":{"name":"functions"},"message":"[worker-~diagnostic~-47d9fdb2-162b-4e18-b4d3-f365da624524]: BUSY"}}
[debug] [2020-09-01T21:40:58.612Z] [runtime-status] [28048] Functions runtime initialized. {"cwd":"/mnt/c/Users/Gilbe/OneDrive/Documents/projects/node/firebase_functions/functions","node_version":"14.9.0"} {"metadata":{"emulator":{"name":"functions"},"message":"[runtime-status] [28048] Functions runtime initialized. {\"cwd\":\"/mnt/c/Users/Gilbe/OneDrive/Documents/projects/node/firebase_functions/functions\",\"node_version\":\"14.9.0\"}"}}
[debug] [2020-09-01T21:40:58.615Z] [runtime-status] [28048] Disabled runtime features: undefined {"metadata":{"emulator":{"name":"functions"},"message":"[runtime-status] [28048] Disabled runtime features: undefined"}}
[debug] [2020-09-01T21:40:58.639Z] [runtime-status] [28048] Resolved module firebase-admin {"declared":true,"installed":true,"version":"8.13.0","resolution":"/mnt/c/Users/Gilbe/OneDrive/Documents/projects/node/firebase_functions/functions/node_modules/firebase-admin/lib/index.js"} {"metadata":{"emulator":{"name":"functions"},"message":"[runtime-status] [28048] Resolved module firebase-admin {\"declared\":true,\"installed\":true,\"version\":\"8.13.0\",\"resolution\":\"/mnt/c/Users/Gilbe/OneDrive/Documents/projects/node/firebase_functions/functions/node_modules/firebase-admin/lib/index.js\"}"}}
[debug] [2020-09-01T21:40:58.659Z] [runtime-status] [28048] Resolved module firebase-functions {"declared":true,"installed":true,"version":"3.11.0","resolution":"/mnt/c/Users/Gilbe/OneDrive/Documents/projects/node/firebase_functions/functions/node_modules/firebase-functions/lib/index.js"} {"metadata":{"emulator":{"name":"functions"},"message":"[runtime-status] [28048] Resolved module firebase-functions {\"declared\":true,\"installed\":true,\"version\":\"3.11.0\",\"resolution\":\"/mnt/c/Users/Gilbe/OneDrive/Documents/projects/node/firebase_functions/functions/node_modules/firebase-functions/lib/index.js\"}"}}
[debug] [2020-09-01T21:40:58.664Z] [runtime-status] [28048] Resolved module firebase-functions {"declared":true,"installed":true,"version":"3.11.0","resolution":"/mnt/c/Users/Gilbe/OneDrive/Documents/projects/node/firebase_functions/functions/node_modules/firebase-functions/lib/index.js"} {"metadata":{"emulator":{"name":"functions"},"message":"[runtime-status] [28048] Resolved module firebase-functions {\"declared\":true,\"installed\":true,\"version\":\"3.11.0\",\"resolution\":\"/mnt/c/Users/Gilbe/OneDrive/Documents/projects/node/firebase_functions/functions/node_modules/firebase-functions/lib/index.js\"}"}}
[debug] [2020-09-01T21:40:58.666Z] [runtime-status] [28048] Outgoing network have been stubbed. [{"name":"http","status":"mocked"},{"name":"http","status":"mocked"},{"name":"https","status":"mocked"},{"name":"https","status":"mocked"},{"name":"net","status":"mocked"}] {"metadata":{"emulator":{"name":"functions"},"message":"[runtime-status] [28048] Outgoing network have been stubbed. [{\"name\":\"http\",\"status\":\"mocked\"},{\"name\":\"http\",\"status\":\"mocked\"},{\"name\":\"https\",\"status\":\"mocked\"},{\"name\":\"https\",\"status\":\"mocked\"},{\"name\":\"net\",\"status\":\"mocked\"}]"}}
[debug] [2020-09-01T21:40:58.673Z] [runtime-status] [28048] Resolved module firebase-functions {"declared":true,"installed":true,"version":"3.11.0","resolution":"/mnt/c/Users/Gilbe/OneDrive/Documents/projects/node/firebase_functions/functions/node_modules/firebase-functions/lib/index.js"} {"metadata":{"emulator":{"name":"functions"},"message":"[runtime-status] [28048] Resolved module firebase-functions {\"declared\":true,\"installed\":true,\"version\":\"3.11.0\",\"resolution\":\"/mnt/c/Users/Gilbe/OneDrive/Documents/projects/node/firebase_functions/functions/node_modules/firebase-functions/lib/index.js\"}"}}
[debug] [2020-09-01T21:40:59.117Z] [runtime-status] [28048] Checked functions.config() {"config":{}} {"metadata":{"emulator":{"name":"functions"},"message":"[runtime-status] [28048] Checked functions.config() {\"config\":{}}"}}
[debug] [2020-09-01T21:40:59.118Z] [runtime-status] [28048] firebase-functions has been stubbed. {"functionsResolution":{"declared":true,"installed":true,"version":"3.11.0","resolution":"/mnt/c/Users/Gilbe/OneDrive/Documents/projects/node/firebase_functions/functions/node_modules/firebase-functions/lib/index.js"}} {"metadata":{"emulator":{"name":"functions"},"message":"[runtime-status] [28048] firebase-functions has been stubbed. {\"functionsResolution\":{\"declared\":true,\"installed\":true,\"version\":\"3.11.0\",\"resolution\":\"/mnt/c/Users/Gilbe/OneDrive/Documents/projects/node/firebase_functions/functions/node_modules/firebase-functions/lib/index.js\"}}"}}
[debug] [2020-09-01T21:40:59.123Z] [runtime-status] [28048] Resolved module firebase-functions {"declared":true,"installed":true,"version":"3.11.0","resolution":"/mnt/c/Users/Gilbe/OneDrive/Documents/projects/node/firebase_functions/functions/node_modules/firebase-functions/lib/index.js"} {"metadata":{"emulator":{"name":"functions"},"message":"[runtime-status] [28048] Resolved module firebase-functions {\"declared\":true,\"installed\":true,\"version\":\"3.11.0\",\"resolution\":\"/mnt/c/Users/Gilbe/OneDrive/Documents/projects/node/firebase_functions/functions/node_modules/firebase-functions/lib/index.js\"}"}}
[debug] [2020-09-01T21:40:59.137Z] [runtime-status] [28048] Resolved module firebase-admin {"declared":true,"installed":true,"version":"8.13.0","resolution":"/mnt/c/Users/Gilbe/OneDrive/Documents/projects/node/firebase_functions/functions/node_modules/firebase-admin/lib/index.js"} {"metadata":{"emulator":{"name":"functions"},"message":"[runtime-status] [28048] Resolved module firebase-admin {\"declared\":true,\"installed\":true,\"version\":\"8.13.0\",\"resolution\":\"/mnt/c/Users/Gilbe/OneDrive/Documents/projects/node/firebase_functions/functions/node_modules/firebase-admin/lib/index.js\"}"}}
[debug] [2020-09-01T21:40:59.145Z] [runtime-status] [28048] Resolved module firebase-functions {"declared":true,"installed":true,"version":"3.11.0","resolution":"/mnt/c/Users/Gilbe/OneDrive/Documents/projects/node/firebase_functions/functions/node_modules/firebase-functions/lib/index.js"} {"metadata":{"emulator":{"name":"functions"},"message":"[runtime-status] [28048] Resolved module firebase-functions {\"declared\":true,\"installed\":true,\"version\":\"3.11.0\",\"resolution\":\"/mnt/c/Users/Gilbe/OneDrive/Documents/projects/node/firebase_functions/functions/node_modules/firebase-functions/lib/index.js\"}"}}
[debug] [2020-09-01T21:40:59.145Z] [runtime-status] [28048] firebase-admin has been stubbed. {"adminResolution":{"declared":true,"installed":true,"version":"8.13.0","resolution":"/mnt/c/Users/Gilbe/OneDrive/Documents/projects/node/firebase_functions/functions/node_modules/firebase-admin/lib/index.js"}} {"metadata":{"emulator":{"name":"functions"},"message":"[runtime-status] [28048] firebase-admin has been stubbed. {\"adminResolution\":{\"declared\":true,\"installed\":true,\"version\":\"8.13.0\",\"resolution\":\"/mnt/c/Users/Gilbe/OneDrive/Documents/projects/node/firebase_functions/functions/node_modules/firebase-admin/lib/index.js\"}}"}}
[warn] ⚠  Error: Cannot find module 'routes/products.routes'
Require stack:
- /mnt/c/Users/Gilbe/OneDrive/Documents/projects/node/firebase_functions/functions/index.js
- /mnt/c/Users/Gilbe/OneDrive/Documents/projects/node/firebase_functions/node_modules/firebase-tools/lib/emulator/functionsEmulatorRuntime.js
    at Function.Module._resolveFilename (internal/modules/cjs/loader.js:892:15)
    at Function.Module._load (internal/modules/cjs/loader.js:742:27)
    at Module.require (internal/modules/cjs/loader.js:964:19)
    at require (internal/modules/cjs/helpers.js:88:18)
    at Object.<anonymous> (/mnt/c/Users/Gilbe/OneDrive/Documents/projects/node/firebase_functions/functions/index.js:4:24)
    at Module._compile (internal/modules/cjs/loader.js:1075:30)
    at Object.Module._extensions..js (internal/modules/cjs/loader.js:1096:10)
    at Module.load (internal/modules/cjs/loader.js:940:32)
    at Function.Module._load (internal/modules/cjs/loader.js:781:14)
    at Module.require (internal/modules/cjs/loader.js:964:19) {"metadata":{"emulator":{"name":"functions"},"message":"Error: Cannot find module 'routes/products.routes'\nRequire stack:\n- /mnt/c/Users/Gilbe/OneDrive/Documents/projects/node/firebase_functions/functions/index.js\n- /mnt/c/Users/Gilbe/OneDrive/Documents/projects/node/firebase_functions/node_modules/firebase-tools/lib/emulator/functionsEmulatorRuntime.js\n    at Function.Module._resolveFilename (internal/modules/cjs/loader.js:892:15)\n    at Function.Module._load (internal/modules/cjs/loader.js:742:27)\n    at Module.require (internal/modules/cjs/loader.js:964:19)\n    at require (internal/modules/cjs/helpers.js:88:18)\n    at Object.<anonymous> (/mnt/c/Users/Gilbe/OneDrive/Documents/projects/node/firebase_functions/functions/index.js:4:24)\n    at Module._compile (internal/modules/cjs/loader.js:1075:30)\n    at Object.Module._extensions..js (internal/modules/cjs/loader.js:1096:10)\n    at Module.load (internal/modules/cjs/loader.js:940:32)\n    at Function.Module._load (internal/modules/cjs/loader.js:781:14)\n    at Module.require (internal/modules/cjs/loader.js:964:19)"}}
[warn] ⚠  We were unable to load your functions code. (see above) {"metadata":{"emulator":{"name":"functions"}}}
[debug] [2020-09-01T21:41:02.504Z] [worker-~diagnostic~-47d9fdb2-162b-4e18-b4d3-f365da624524]: exited {"metadata":{"emulator":{"name":"functions"},"message":"[worker-~diagnostic~-47d9fdb2-162b-4e18-b4d3-f365da624524]: exited"}}
[debug] [2020-09-01T21:41:02.505Z] [worker-~diagnostic~-47d9fdb2-162b-4e18-b4d3-f365da624524]: FINISHED {"metadata":{"emulator":{"name":"functions"},"message":"[worker-~diagnostic~-47d9fdb2-162b-4e18-b4d3-f365da624524]: FINISHED"}}
[debug] [2020-09-01T21:42:10.763Z] ----------------------------------------------------------------------
[debug] [2020-09-01T21:42:10.765Z] Command:       /home/gilberto/.nvm/versions/node/v14.9.0/bin/node /mnt/c/Users/Gilbe/OneDrive/Documents/projects/node/firebase_functions/node_modules/.bin/firebase serve
[debug] [2020-09-01T21:42:10.765Z] CLI Version:   8.9.2
[debug] [2020-09-01T21:42:10.765Z] Platform:      linux
[debug] [2020-09-01T21:42:10.765Z] Node Version:  v14.9.0
[debug] [2020-09-01T21:42:10.766Z] Time:          Tue Sep 01 2020 14:42:10 GMT-0700 (Pacific Daylight Time)
[debug] [2020-09-01T21:42:10.766Z] ----------------------------------------------------------------------
[debug] [2020-09-01T21:42:10.766Z] 
[debug] [2020-09-01T21:42:10.814Z] > command requires scopes: ["email","openid","https://www.googleapis.com/auth/cloudplatformprojects.readonly","https://www.googleapis.com/auth/firebase","https://www.googleapis.com/auth/cloud-platform"]
[debug] [2020-09-01T21:42:10.815Z] > authorizing via signed-in user
[debug] [2020-09-01T21:42:10.815Z] [iam] checking project fir-functions-15864 for permissions ["firebase.projects.get"]
[debug] [2020-09-01T21:42:10.824Z] >>> HTTP REQUEST POST https://cloudresourcemanager.googleapis.com/v1/projects/fir-functions-15864:testIamPermissions  
 {"permissions":["firebase.projects.get"]}
[debug] [2020-09-01T21:42:11.116Z] <<< HTTP RESPONSE 200 {"content-type":"application/json; charset=UTF-8","vary":"X-Origin, Referer, Origin,Accept-Encoding","date":"Tue, 01 Sep 2020 21:42:10 GMT","server":"ESF","cache-control":"private","x-xss-protection":"0","x-frame-options":"SAMEORIGIN","x-content-type-options":"nosniff","server-timing":"gfet4t7; dur=191","alt-svc":"h3-29=\":443\"; ma=2592000,h3-27=\":443\"; ma=2592000,h3-T051=\":443\"; ma=2592000,h3-T050=\":443\"; ma=2592000,h3-Q050=\":443\"; ma=2592000,h3-Q046=\":443\"; ma=2592000,h3-Q043=\":443\"; ma=2592000,quic=\":443\"; ma=2592000; v=\"46,43\"","accept-ranges":"none","transfer-encoding":"chunked"}
[debug] [2020-09-01T21:42:11.118Z] >>> HTTP REQUEST GET https://firebase.googleapis.com/v1beta1/projects/fir-functions-15864  
 
[debug] [2020-09-01T21:42:11.377Z] <<< HTTP RESPONSE 200 {"content-type":"application/json; charset=UTF-8","vary":"X-Origin, Referer, Origin,Accept-Encoding","date":"Tue, 01 Sep 2020 21:42:11 GMT","server":"ESF","cache-control":"private","x-xss-protection":"0","x-frame-options":"SAMEORIGIN","x-content-type-options":"nosniff","alt-svc":"h3-29=\":443\"; ma=2592000,h3-27=\":443\"; ma=2592000,h3-T051=\":443\"; ma=2592000,h3-T050=\":443\"; ma=2592000,h3-Q050=\":443\"; ma=2592000,h3-Q046=\":443\"; ma=2592000,h3-Q043=\":443\"; ma=2592000,quic=\":443\"; ma=2592000; v=\"46,43\"","accept-ranges":"none","transfer-encoding":"chunked"}
[info] 
[info] === Serving from '/mnt/c/Users/Gilbe/OneDrive/Documents/projects/node/firebase_functions'...
[info] 
[warn] ⚠  Your requested "node" version "10" doesn't match your global version "14" {"metadata":{"emulator":{"name":"functions"},"message":"Your requested \"node\" version \"10\" doesn't match your global version \"14\""}}
[debug] [2020-09-01T21:42:11.400Z] defaultcredentials: writing to file /home/gilberto/.config/firebase/olivasgilberto_gmail_com_application_default_credentials.json
[debug] [2020-09-01T21:42:11.403Z] Setting GAC to /home/gilberto/.config/firebase/olivasgilberto_gmail_com_application_default_credentials.json {"metadata":{"emulator":{"name":"functions"},"message":"Setting GAC to /home/gilberto/.config/firebase/olivasgilberto_gmail_com_application_default_credentials.json"}}
[info] i  functions: Watching "/mnt/c/Users/Gilbe/OneDrive/Documents/projects/node/firebase_functions/functions" for Cloud Functions... {"metadata":{"emulator":{"name":"functions"},"message":"Watching \"/mnt/c/Users/Gilbe/OneDrive/Documents/projects/node/firebase_functions/functions\" for Cloud Functions..."}}
[debug] [2020-09-01T21:42:11.425Z] [worker-pool] addWorker(~diagnostic~) {"metadata":{"emulator":{"name":"functions"},"message":"[worker-pool] addWorker(~diagnostic~)"}}
[debug] [2020-09-01T21:42:11.426Z] [worker-pool] Adding worker with key ~diagnostic~, total=1 {"metadata":{"emulator":{"name":"functions"},"message":"[worker-pool] Adding worker with key ~diagnostic~, total=1"}}
[debug] [2020-09-01T21:42:11.426Z] [worker-pool] submitWork(triggerId=) {"metadata":{"emulator":{"name":"functions"},"message":"[worker-pool] submitWork(triggerId=)"}}
[debug] [2020-09-01T21:42:11.427Z] [worker-~diagnostic~-1c9b7156-e1b8-498f-8b1d-d6f6d30324d7]: Assigning socketPath: /tmp/fire_emu_28111.sock {"metadata":{"emulator":{"name":"functions"},"message":"[worker-~diagnostic~-1c9b7156-e1b8-498f-8b1d-d6f6d30324d7]: Assigning socketPath: /tmp/fire_emu_28111.sock"}}
[debug] [2020-09-01T21:42:11.427Z] [worker-~diagnostic~-1c9b7156-e1b8-498f-8b1d-d6f6d30324d7]: BUSY {"metadata":{"emulator":{"name":"functions"},"message":"[worker-~diagnostic~-1c9b7156-e1b8-498f-8b1d-d6f6d30324d7]: BUSY"}}
[debug] [2020-09-01T21:42:15.711Z] [runtime-status] [28111] Functions runtime initialized. {"cwd":"/mnt/c/Users/Gilbe/OneDrive/Documents/projects/node/firebase_functions/functions","node_version":"14.9.0"} {"metadata":{"emulator":{"name":"functions"},"message":"[runtime-status] [28111] Functions runtime initialized. {\"cwd\":\"/mnt/c/Users/Gilbe/OneDrive/Documents/projects/node/firebase_functions/functions\",\"node_version\":\"14.9.0\"}"}}
[debug] [2020-09-01T21:42:15.715Z] [runtime-status] [28111] Disabled runtime features: undefined {"metadata":{"emulator":{"name":"functions"},"message":"[runtime-status] [28111] Disabled runtime features: undefined"}}
[debug] [2020-09-01T21:42:15.744Z] [runtime-status] [28111] Resolved module firebase-admin {"declared":true,"installed":true,"version":"8.13.0","resolution":"/mnt/c/Users/Gilbe/OneDrive/Documents/projects/node/firebase_functions/functions/node_modules/firebase-admin/lib/index.js"} {"metadata":{"emulator":{"name":"functions"},"message":"[runtime-status] [28111] Resolved module firebase-admin {\"declared\":true,\"installed\":true,\"version\":\"8.13.0\",\"resolution\":\"/mnt/c/Users/Gilbe/OneDrive/Documents/projects/node/firebase_functions/functions/node_modules/firebase-admin/lib/index.js\"}"}}
[debug] [2020-09-01T21:42:15.765Z] [runtime-status] [28111] Resolved module firebase-functions {"declared":true,"installed":true,"version":"3.11.0","resolution":"/mnt/c/Users/Gilbe/OneDrive/Documents/projects/node/firebase_functions/functions/node_modules/firebase-functions/lib/index.js"} {"metadata":{"emulator":{"name":"functions"},"message":"[runtime-status] [28111] Resolved module firebase-functions {\"declared\":true,\"installed\":true,\"version\":\"3.11.0\",\"resolution\":\"/mnt/c/Users/Gilbe/OneDrive/Documents/projects/node/firebase_functions/functions/node_modules/firebase-functions/lib/index.js\"}"}}
[debug] [2020-09-01T21:42:15.771Z] [runtime-status] [28111] Resolved module firebase-functions {"declared":true,"installed":true,"version":"3.11.0","resolution":"/mnt/c/Users/Gilbe/OneDrive/Documents/projects/node/firebase_functions/functions/node_modules/firebase-functions/lib/index.js"} {"metadata":{"emulator":{"name":"functions"},"message":"[runtime-status] [28111] Resolved module firebase-functions {\"declared\":true,\"installed\":true,\"version\":\"3.11.0\",\"resolution\":\"/mnt/c/Users/Gilbe/OneDrive/Documents/projects/node/firebase_functions/functions/node_modules/firebase-functions/lib/index.js\"}"}}
[debug] [2020-09-01T21:42:15.772Z] [runtime-status] [28111] Outgoing network have been stubbed. [{"name":"http","status":"mocked"},{"name":"http","status":"mocked"},{"name":"https","status":"mocked"},{"name":"https","status":"mocked"},{"name":"net","status":"mocked"}] {"metadata":{"emulator":{"name":"functions"},"message":"[runtime-status] [28111] Outgoing network have been stubbed. [{\"name\":\"http\",\"status\":\"mocked\"},{\"name\":\"http\",\"status\":\"mocked\"},{\"name\":\"https\",\"status\":\"mocked\"},{\"name\":\"https\",\"status\":\"mocked\"},{\"name\":\"net\",\"status\":\"mocked\"}]"}}
[debug] [2020-09-01T21:42:15.777Z] [runtime-status] [28111] Resolved module firebase-functions {"declared":true,"installed":true,"version":"3.11.0","resolution":"/mnt/c/Users/Gilbe/OneDrive/Documents/projects/node/firebase_functions/functions/node_modules/firebase-functions/lib/index.js"} {"metadata":{"emulator":{"name":"functions"},"message":"[runtime-status] [28111] Resolved module firebase-functions {\"declared\":true,\"installed\":true,\"version\":\"3.11.0\",\"resolution\":\"/mnt/c/Users/Gilbe/OneDrive/Documents/projects/node/firebase_functions/functions/node_modules/firebase-functions/lib/index.js\"}"}}
[debug] [2020-09-01T21:42:16.295Z] [runtime-status] [28111] Checked functions.config() {"config":{}} {"metadata":{"emulator":{"name":"functions"},"message":"[runtime-status] [28111] Checked functions.config() {\"config\":{}}"}}
[debug] [2020-09-01T21:42:16.295Z] [runtime-status] [28111] firebase-functions has been stubbed. {"functionsResolution":{"declared":true,"installed":true,"version":"3.11.0","resolution":"/mnt/c/Users/Gilbe/OneDrive/Documents/projects/node/firebase_functions/functions/node_modules/firebase-functions/lib/index.js"}} {"metadata":{"emulator":{"name":"functions"},"message":"[runtime-status] [28111] firebase-functions has been stubbed. {\"functionsResolution\":{\"declared\":true,\"installed\":true,\"version\":\"3.11.0\",\"resolution\":\"/mnt/c/Users/Gilbe/OneDrive/Documents/projects/node/firebase_functions/functions/node_modules/firebase-functions/lib/index.js\"}}"}}
[debug] [2020-09-01T21:42:16.302Z] [runtime-status] [28111] Resolved module firebase-functions {"declared":true,"installed":true,"version":"3.11.0","resolution":"/mnt/c/Users/Gilbe/OneDrive/Documents/projects/node/firebase_functions/functions/node_modules/firebase-functions/lib/index.js"} {"metadata":{"emulator":{"name":"functions"},"message":"[runtime-status] [28111] Resolved module firebase-functions {\"declared\":true,\"installed\":true,\"version\":\"3.11.0\",\"resolution\":\"/mnt/c/Users/Gilbe/OneDrive/Documents/projects/node/firebase_functions/functions/node_modules/firebase-functions/lib/index.js\"}"}}
[debug] [2020-09-01T21:42:16.316Z] [runtime-status] [28111] Resolved module firebase-admin {"declared":true,"installed":true,"version":"8.13.0","resolution":"/mnt/c/Users/Gilbe/OneDrive/Documents/projects/node/firebase_functions/functions/node_modules/firebase-admin/lib/index.js"} {"metadata":{"emulator":{"name":"functions"},"message":"[runtime-status] [28111] Resolved module firebase-admin {\"declared\":true,\"installed\":true,\"version\":\"8.13.0\",\"resolution\":\"/mnt/c/Users/Gilbe/OneDrive/Documents/projects/node/firebase_functions/functions/node_modules/firebase-admin/lib/index.js\"}"}}
[debug] [2020-09-01T21:42:16.323Z] [runtime-status] [28111] Resolved module firebase-functions {"declared":true,"installed":true,"version":"3.11.0","resolution":"/mnt/c/Users/Gilbe/OneDrive/Documents/projects/node/firebase_functions/functions/node_modules/firebase-functions/lib/index.js"} {"metadata":{"emulator":{"name":"functions"},"message":"[runtime-status] [28111] Resolved module firebase-functions {\"declared\":true,\"installed\":true,\"version\":\"3.11.0\",\"resolution\":\"/mnt/c/Users/Gilbe/OneDrive/Documents/projects/node/firebase_functions/functions/node_modules/firebase-functions/lib/index.js\"}"}}
[debug] [2020-09-01T21:42:16.323Z] [runtime-status] [28111] firebase-admin has been stubbed. {"adminResolution":{"declared":true,"installed":true,"version":"8.13.0","resolution":"/mnt/c/Users/Gilbe/OneDrive/Documents/projects/node/firebase_functions/functions/node_modules/firebase-admin/lib/index.js"}} {"metadata":{"emulator":{"name":"functions"},"message":"[runtime-status] [28111] firebase-admin has been stubbed. {\"adminResolution\":{\"declared\":true,\"installed\":true,\"version\":\"8.13.0\",\"resolution\":\"/mnt/c/Users/Gilbe/OneDrive/Documents/projects/node/firebase_functions/functions/node_modules/firebase-admin/lib/index.js\"}}"}}
[warn] ⚠  Error: Cannot find module './routes/products.routes'
Require stack:
- /mnt/c/Users/Gilbe/OneDrive/Documents/projects/node/firebase_functions/functions/index.js
- /mnt/c/Users/Gilbe/OneDrive/Documents/projects/node/firebase_functions/node_modules/firebase-tools/lib/emulator/functionsEmulatorRuntime.js
    at Function.Module._resolveFilename (internal/modules/cjs/loader.js:892:15)
    at Function.Module._load (internal/modules/cjs/loader.js:742:27)
    at Module.require (internal/modules/cjs/loader.js:964:19)
    at require (internal/modules/cjs/helpers.js:88:18)
    at Object.<anonymous> (/mnt/c/Users/Gilbe/OneDrive/Documents/projects/node/firebase_functions/functions/index.js:5:24)
    at Module._compile (internal/modules/cjs/loader.js:1075:30)
    at Object.Module._extensions..js (internal/modules/cjs/loader.js:1096:10)
    at Module.load (internal/modules/cjs/loader.js:940:32)
    at Function.Module._load (internal/modules/cjs/loader.js:781:14)
    at Module.require (internal/modules/cjs/loader.js:964:19) {"metadata":{"emulator":{"name":"functions"},"message":"Error: Cannot find module './routes/products.routes'\nRequire stack:\n- /mnt/c/Users/Gilbe/OneDrive/Documents/projects/node/firebase_functions/functions/index.js\n- /mnt/c/Users/Gilbe/OneDrive/Documents/projects/node/firebase_functions/node_modules/firebase-tools/lib/emulator/functionsEmulatorRuntime.js\n    at Function.Module._resolveFilename (internal/modules/cjs/loader.js:892:15)\n    at Function.Module._load (internal/modules/cjs/loader.js:742:27)\n    at Module.require (internal/modules/cjs/loader.js:964:19)\n    at require (internal/modules/cjs/helpers.js:88:18)\n    at Object.<anonymous> (/mnt/c/Users/Gilbe/OneDrive/Documents/projects/node/firebase_functions/functions/index.js:5:24)\n    at Module._compile (internal/modules/cjs/loader.js:1075:30)\n    at Object.Module._extensions..js (internal/modules/cjs/loader.js:1096:10)\n    at Module.load (internal/modules/cjs/loader.js:940:32)\n    at Function.Module._load (internal/modules/cjs/loader.js:781:14)\n    at Module.require (internal/modules/cjs/loader.js:964:19)"}}
[warn] ⚠  We were unable to load your functions code. (see above) {"metadata":{"emulator":{"name":"functions"}}}
[debug] [2020-09-01T21:42:18.411Z] [worker-~diagnostic~-1c9b7156-e1b8-498f-8b1d-d6f6d30324d7]: exited {"metadata":{"emulator":{"name":"functions"},"message":"[worker-~diagnostic~-1c9b7156-e1b8-498f-8b1d-d6f6d30324d7]: exited"}}
[debug] [2020-09-01T21:42:18.411Z] [worker-~diagnostic~-1c9b7156-e1b8-498f-8b1d-d6f6d30324d7]: FINISHED {"metadata":{"emulator":{"name":"functions"},"message":"[worker-~diagnostic~-1c9b7156-e1b8-498f-8b1d-d6f6d30324d7]: FINISHED"}}
[debug] [2020-09-01T21:43:54.756Z] ----------------------------------------------------------------------
[debug] [2020-09-01T21:43:54.758Z] Command:       /home/gilberto/.nvm/versions/node/v14.9.0/bin/node /mnt/c/Users/Gilbe/OneDrive/Documents/projects/node/firebase_functions/node_modules/.bin/firebase serve
[debug] [2020-09-01T21:43:54.758Z] CLI Version:   8.9.2
[debug] [2020-09-01T21:43:54.758Z] Platform:      linux
[debug] [2020-09-01T21:43:54.758Z] Node Version:  v14.9.0
[debug] [2020-09-01T21:43:54.758Z] Time:          Tue Sep 01 2020 14:43:54 GMT-0700 (Pacific Daylight Time)
[debug] [2020-09-01T21:43:54.759Z] ----------------------------------------------------------------------
[debug] [2020-09-01T21:43:54.759Z] 
[debug] [2020-09-01T21:43:54.815Z] > command requires scopes: ["email","openid","https://www.googleapis.com/auth/cloudplatformprojects.readonly","https://www.googleapis.com/auth/firebase","https://www.googleapis.com/auth/cloud-platform"]
[debug] [2020-09-01T21:43:54.815Z] > authorizing via signed-in user
[debug] [2020-09-01T21:43:54.815Z] [iam] checking project fir-functions-15864 for permissions ["firebase.projects.get"]
[debug] [2020-09-01T21:43:54.827Z] >>> HTTP REQUEST POST https://cloudresourcemanager.googleapis.com/v1/projects/fir-functions-15864:testIamPermissions  
 {"permissions":["firebase.projects.get"]}
[debug] [2020-09-01T21:43:55.291Z] <<< HTTP RESPONSE 200 {"content-type":"application/json; charset=UTF-8","vary":"X-Origin, Referer, Origin,Accept-Encoding","date":"Tue, 01 Sep 2020 21:43:55 GMT","server":"ESF","cache-control":"private","x-xss-protection":"0","x-frame-options":"SAMEORIGIN","x-content-type-options":"nosniff","server-timing":"gfet4t7; dur=199","alt-svc":"h3-29=\":443\"; ma=2592000,h3-27=\":443\"; ma=2592000,h3-T051=\":443\"; ma=2592000,h3-T050=\":443\"; ma=2592000,h3-Q050=\":443\"; ma=2592000,h3-Q046=\":443\"; ma=2592000,h3-Q043=\":443\"; ma=2592000,quic=\":443\"; ma=2592000; v=\"46,43\"","accept-ranges":"none","transfer-encoding":"chunked"}
[debug] [2020-09-01T21:43:55.293Z] >>> HTTP REQUEST GET https://firebase.googleapis.com/v1beta1/projects/fir-functions-15864  
 
[debug] [2020-09-01T21:43:55.575Z] <<< HTTP RESPONSE 200 {"content-type":"application/json; charset=UTF-8","vary":"X-Origin, Referer, Origin,Accept-Encoding","date":"Tue, 01 Sep 2020 21:43:55 GMT","server":"ESF","cache-control":"private","x-xss-protection":"0","x-frame-options":"SAMEORIGIN","x-content-type-options":"nosniff","alt-svc":"h3-29=\":443\"; ma=2592000,h3-27=\":443\"; ma=2592000,h3-T051=\":443\"; ma=2592000,h3-T050=\":443\"; ma=2592000,h3-Q050=\":443\"; ma=2592000,h3-Q046=\":443\"; ma=2592000,h3-Q043=\":443\"; ma=2592000,quic=\":443\"; ma=2592000; v=\"46,43\"","accept-ranges":"none","transfer-encoding":"chunked"}
[info] 
[info] === Serving from '/mnt/c/Users/Gilbe/OneDrive/Documents/projects/node/firebase_functions'...
[info] 
[warn] ⚠  Your requested "node" version "10" doesn't match your global version "14" {"metadata":{"emulator":{"name":"functions"},"message":"Your requested \"node\" version \"10\" doesn't match your global version \"14\""}}
[debug] [2020-09-01T21:43:55.599Z] defaultcredentials: writing to file /home/gilberto/.config/firebase/olivasgilberto_gmail_com_application_default_credentials.json
[debug] [2020-09-01T21:43:55.627Z] Setting GAC to /home/gilberto/.config/firebase/olivasgilberto_gmail_com_application_default_credentials.json {"metadata":{"emulator":{"name":"functions"},"message":"Setting GAC to /home/gilberto/.config/firebase/olivasgilberto_gmail_com_application_default_credentials.json"}}
[info] i  functions: Watching "/mnt/c/Users/Gilbe/OneDrive/Documents/projects/node/firebase_functions/functions" for Cloud Functions... {"metadata":{"emulator":{"name":"functions"},"message":"Watching \"/mnt/c/Users/Gilbe/OneDrive/Documents/projects/node/firebase_functions/functions\" for Cloud Functions..."}}
[debug] [2020-09-01T21:43:55.649Z] [worker-pool] addWorker(~diagnostic~) {"metadata":{"emulator":{"name":"functions"},"message":"[worker-pool] addWorker(~diagnostic~)"}}
[debug] [2020-09-01T21:43:55.649Z] [worker-pool] Adding worker with key ~diagnostic~, total=1 {"metadata":{"emulator":{"name":"functions"},"message":"[worker-pool] Adding worker with key ~diagnostic~, total=1"}}
[debug] [2020-09-01T21:43:55.649Z] [worker-pool] submitWork(triggerId=) {"metadata":{"emulator":{"name":"functions"},"message":"[worker-pool] submitWork(triggerId=)"}}
[debug] [2020-09-01T21:43:55.650Z] [worker-~diagnostic~-c59550f0-6088-42b6-a734-ce32b6dc238a]: Assigning socketPath: /tmp/fire_emu_28178.sock {"metadata":{"emulator":{"name":"functions"},"message":"[worker-~diagnostic~-c59550f0-6088-42b6-a734-ce32b6dc238a]: Assigning socketPath: /tmp/fire_emu_28178.sock"}}
[debug] [2020-09-01T21:43:55.650Z] [worker-~diagnostic~-c59550f0-6088-42b6-a734-ce32b6dc238a]: BUSY {"metadata":{"emulator":{"name":"functions"},"message":"[worker-~diagnostic~-c59550f0-6088-42b6-a734-ce32b6dc238a]: BUSY"}}
[debug] [2020-09-01T21:43:59.714Z] [runtime-status] [28178] Functions runtime initialized. {"cwd":"/mnt/c/Users/Gilbe/OneDrive/Documents/projects/node/firebase_functions/functions","node_version":"14.9.0"} {"metadata":{"emulator":{"name":"functions"},"message":"[runtime-status] [28178] Functions runtime initialized. {\"cwd\":\"/mnt/c/Users/Gilbe/OneDrive/Documents/projects/node/firebase_functions/functions\",\"node_version\":\"14.9.0\"}"}}
[debug] [2020-09-01T21:43:59.718Z] [runtime-status] [28178] Disabled runtime features: undefined {"metadata":{"emulator":{"name":"functions"},"message":"[runtime-status] [28178] Disabled runtime features: undefined"}}
[debug] [2020-09-01T21:43:59.751Z] [runtime-status] [28178] Resolved module firebase-admin {"declared":true,"installed":true,"version":"8.13.0","resolution":"/mnt/c/Users/Gilbe/OneDrive/Documents/projects/node/firebase_functions/functions/node_modules/firebase-admin/lib/index.js"} {"metadata":{"emulator":{"name":"functions"},"message":"[runtime-status] [28178] Resolved module firebase-admin {\"declared\":true,\"installed\":true,\"version\":\"8.13.0\",\"resolution\":\"/mnt/c/Users/Gilbe/OneDrive/Documents/projects/node/firebase_functions/functions/node_modules/firebase-admin/lib/index.js\"}"}}
[debug] [2020-09-01T21:43:59.776Z] [runtime-status] [28178] Resolved module firebase-functions {"declared":true,"installed":true,"version":"3.11.0","resolution":"/mnt/c/Users/Gilbe/OneDrive/Documents/projects/node/firebase_functions/functions/node_modules/firebase-functions/lib/index.js"} {"metadata":{"emulator":{"name":"functions"},"message":"[runtime-status] [28178] Resolved module firebase-functions {\"declared\":true,\"installed\":true,\"version\":\"3.11.0\",\"resolution\":\"/mnt/c/Users/Gilbe/OneDrive/Documents/projects/node/firebase_functions/functions/node_modules/firebase-functions/lib/index.js\"}"}}
[debug] [2020-09-01T21:43:59.784Z] [runtime-status] [28178] Resolved module firebase-functions {"declared":true,"installed":true,"version":"3.11.0","resolution":"/mnt/c/Users/Gilbe/OneDrive/Documents/projects/node/firebase_functions/functions/node_modules/firebase-functions/lib/index.js"} {"metadata":{"emulator":{"name":"functions"},"message":"[runtime-status] [28178] Resolved module firebase-functions {\"declared\":true,\"installed\":true,\"version\":\"3.11.0\",\"resolution\":\"/mnt/c/Users/Gilbe/OneDrive/Documents/projects/node/firebase_functions/functions/node_modules/firebase-functions/lib/index.js\"}"}}
[debug] [2020-09-01T21:43:59.786Z] [runtime-status] [28178] Outgoing network have been stubbed. [{"name":"http","status":"mocked"},{"name":"http","status":"mocked"},{"name":"https","status":"mocked"},{"name":"https","status":"mocked"},{"name":"net","status":"mocked"}] {"metadata":{"emulator":{"name":"functions"},"message":"[runtime-status] [28178] Outgoing network have been stubbed. [{\"name\":\"http\",\"status\":\"mocked\"},{\"name\":\"http\",\"status\":\"mocked\"},{\"name\":\"https\",\"status\":\"mocked\"},{\"name\":\"https\",\"status\":\"mocked\"},{\"name\":\"net\",\"status\":\"mocked\"}]"}}
[debug] [2020-09-01T21:43:59.792Z] [runtime-status] [28178] Resolved module firebase-functions {"declared":true,"installed":true,"version":"3.11.0","resolution":"/mnt/c/Users/Gilbe/OneDrive/Documents/projects/node/firebase_functions/functions/node_modules/firebase-functions/lib/index.js"} {"metadata":{"emulator":{"name":"functions"},"message":"[runtime-status] [28178] Resolved module firebase-functions {\"declared\":true,\"installed\":true,\"version\":\"3.11.0\",\"resolution\":\"/mnt/c/Users/Gilbe/OneDrive/Documents/projects/node/firebase_functions/functions/node_modules/firebase-functions/lib/index.js\"}"}}
[debug] [2020-09-01T21:44:00.359Z] [runtime-status] [28178] Checked functions.config() {"config":{}} {"metadata":{"emulator":{"name":"functions"},"message":"[runtime-status] [28178] Checked functions.config() {\"config\":{}}"}}
[debug] [2020-09-01T21:44:00.360Z] [runtime-status] [28178] firebase-functions has been stubbed. {"functionsResolution":{"declared":true,"installed":true,"version":"3.11.0","resolution":"/mnt/c/Users/Gilbe/OneDrive/Documents/projects/node/firebase_functions/functions/node_modules/firebase-functions/lib/index.js"}} {"metadata":{"emulator":{"name":"functions"},"message":"[runtime-status] [28178] firebase-functions has been stubbed. {\"functionsResolution\":{\"declared\":true,\"installed\":true,\"version\":\"3.11.0\",\"resolution\":\"/mnt/c/Users/Gilbe/OneDrive/Documents/projects/node/firebase_functions/functions/node_modules/firebase-functions/lib/index.js\"}}"}}
[debug] [2020-09-01T21:44:00.371Z] [runtime-status] [28178] Resolved module firebase-functions {"declared":true,"installed":true,"version":"3.11.0","resolution":"/mnt/c/Users/Gilbe/OneDrive/Documents/projects/node/firebase_functions/functions/node_modules/firebase-functions/lib/index.js"} {"metadata":{"emulator":{"name":"functions"},"message":"[runtime-status] [28178] Resolved module firebase-functions {\"declared\":true,\"installed\":true,\"version\":\"3.11.0\",\"resolution\":\"/mnt/c/Users/Gilbe/OneDrive/Documents/projects/node/firebase_functions/functions/node_modules/firebase-functions/lib/index.js\"}"}}
[debug] [2020-09-01T21:44:00.407Z] [runtime-status] [28178] Resolved module firebase-admin {"declared":true,"installed":true,"version":"8.13.0","resolution":"/mnt/c/Users/Gilbe/OneDrive/Documents/projects/node/firebase_functions/functions/node_modules/firebase-admin/lib/index.js"} {"metadata":{"emulator":{"name":"functions"},"message":"[runtime-status] [28178] Resolved module firebase-admin {\"declared\":true,\"installed\":true,\"version\":\"8.13.0\",\"resolution\":\"/mnt/c/Users/Gilbe/OneDrive/Documents/projects/node/firebase_functions/functions/node_modules/firebase-admin/lib/index.js\"}"}}
[debug] [2020-09-01T21:44:00.422Z] [runtime-status] [28178] Resolved module firebase-functions {"declared":true,"installed":true,"version":"3.11.0","resolution":"/mnt/c/Users/Gilbe/OneDrive/Documents/projects/node/firebase_functions/functions/node_modules/firebase-functions/lib/index.js"} {"metadata":{"emulator":{"name":"functions"},"message":"[runtime-status] [28178] Resolved module firebase-functions {\"declared\":true,\"installed\":true,\"version\":\"3.11.0\",\"resolution\":\"/mnt/c/Users/Gilbe/OneDrive/Documents/projects/node/firebase_functions/functions/node_modules/firebase-functions/lib/index.js\"}"}}
[debug] [2020-09-01T21:44:00.423Z] [runtime-status] [28178] firebase-admin has been stubbed. {"adminResolution":{"declared":true,"installed":true,"version":"8.13.0","resolution":"/mnt/c/Users/Gilbe/OneDrive/Documents/projects/node/firebase_functions/functions/node_modules/firebase-admin/lib/index.js"}} {"metadata":{"emulator":{"name":"functions"},"message":"[runtime-status] [28178] firebase-admin has been stubbed. {\"adminResolution\":{\"declared\":true,\"installed\":true,\"version\":\"8.13.0\",\"resolution\":\"/mnt/c/Users/Gilbe/OneDrive/Documents/projects/node/firebase_functions/functions/node_modules/firebase-admin/lib/index.js\"}}"}}
[debug] [2020-09-01T21:44:04.349Z] [runtime-status] [28178] initializeApp(DEFAULT) {"credential":{"implicit":false,"projectId":"fir-functions-15864","privateKey":"-----BEGIN PRIVATE KEY-----\nMIIEvgIBADANBgkqhkiG9w0BAQEFAASCBKgwggSkAgEAAoIBAQDZ1kG47CKM4afA\nMhDhTmdJ67WktbJM+pZmeo4rGeCUV0bOVPTq5vqyQdZr00oorunq0U+XaUsd52B5\nsZIFCQSULyDZIBuD6E9/kbVa+TtezLCDzliinXOCjcjEMqQgDu5CfJj1uuVLrfhZ\nsmXQnHUwlRo2ZhqgarA2ZSlIFQ9fusyKicadTI1oTJBLmwFznuF0dybTBqJHg2jj\nHNSYx1LWVUPqWjbToZGmbeJtwlmIYXb+ztWvGS1PgBJJvlpDgtHhcR7eOqyVRsm0\njOvfjd6T6vikz6eE13it2NYKOEOQSAl570DXcnQ3OUBKTMUB4Me1FCQWQDKPRF3g\nSsp+cci/AgMBAAECggEAHAq5TilTr0gTNKodQyu5HypxKSFcsQ0nFE0dhQ3hO6da\njZAhMSYHyq+v/xRlfQQ7R4enU8nxqglRgYjqz6wgA0Vn2JuJ/zqGFVl3+5yO2H7I\nEEedYF2dc4Z1/E+6kgfqAvQQKr3i65GbIUzWT3r8mQLwq2UMc28YfQAbxtQzNPLV\ns+623tkapknhQiNmzpaMx/dZF1ny9Nhb3oFSuKbxXlZCnf1wsLgIlqFjLj846vAo\n+I8sZlUEh1XxEjJjWl+MMNzRKzRwuSVEzZSe7zXfXyWDZTVq7u7VmiqBx8mta5tt\nAVjj383j3GNNxRSUQKEq9lPVpGx6skvUbQT0Wy5UrQKBgQDy9o+mfCGXBq8qzMQj\nH1P8vS0Tr2vodkj9uJYmu22qb5NQ3ITNIwUmsXNQmGIoeR59kOaweBMojF3OMZZB\n3KocueqLGKc5l4fBzi/iph1ZxyC5TBXNEJgnb5bsZaoSMbNzhGBE0Ii1LldA9uTW\nLOKTBUBwEdvRlbQysCBX+Os43QKBgQDlho1cua3iFY5MedumPPJpzkVyDNRqkGsV\nnUhUcM21iDFzepYEn4z6dywBnjKQXcZ1h/AYyexGkYGvxFyqVbw+Iadg5hoPEI9Y\nppT5sXUNgCitgUWN6j+S/9X6v4CjRgGUSDB4Zw0Tw0h3JNjhL5ajRuMiW0OmF0T7\n3uhFJxagSwKBgQCLgSMOVuv6ia3+h0B/YjeZQQ4m5WyyN2jFtj0Q1EGtwQ73OQdP\nujH0+6LYvgZucs0dEBxFa0yk1aPvBu3dt1Q91kpjv64VFXqvvzIjk3n62Klje9pw\nunyC+EHSTrWOaNc/Ft0n5gz46zjSZnESwQb/n95V+wsalji3egW4PYbiSQKBgA2R\nUJXkm/S7VXgL1AIVpDbA7LX7MCtEcjAK5hWnvWE3tcSfwHJxhAHiPYWy9kY2ZN7Z\ntEWi2gap30KmltuyybfagWxm7a9qSS7yWegQp1yu8Lig5Z2n9S4ZVWrHGzGLl9hO\nFB9p6An9BzGTygY1q+/m5tJHFs6gnYFOAejkkJ/VAoGBAJHItX6weGaopy9PBkPY\n/okOxXkLV0HzYem/O6WnZ3SVFwR6cvAT2r2Ie9DznMYmoPS9PEhe999q9/b43jyJ\nycTQLfVGJMiuI+eYqKvB+xh/pn/bwdMmzKqcpFj46jsHAwrP2nUxRX1b1PveLq5J\nVXOIr2MOi0BzyzY496UNOvBm\n-----END PRIVATE KEY-----\n","clientEmail":"firebase-adminsdk-sq9i1@fir-functions-15864.iam.gserviceaccount.com","httpClient":{"retry":{"maxRetries":4,"statusCodes":[503],"ioErrorCodes":["ECONNRESET","ETIMEDOUT"],"backOffFactor":0.5,"maxDelayInMillis":60000}}},"databaseURL":"https://fir-functions-15864.firebaseio.com"} {"metadata":{"emulator":{"name":"functions"},"message":"[runtime-status] [28178] initializeApp(DEFAULT) {\"credential\":{\"implicit\":false,\"projectId\":\"fir-functions-15864\",\"privateKey\":\"-----BEGIN PRIVATE KEY-----\\nMIIEvgIBADANBgkqhkiG9w0BAQEFAASCBKgwggSkAgEAAoIBAQDZ1kG47CKM4afA\\nMhDhTmdJ67WktbJM+pZmeo4rGeCUV0bOVPTq5vqyQdZr00oorunq0U+XaUsd52B5\\nsZIFCQSULyDZIBuD6E9/kbVa+TtezLCDzliinXOCjcjEMqQgDu5CfJj1uuVLrfhZ\\nsmXQnHUwlRo2ZhqgarA2ZSlIFQ9fusyKicadTI1oTJBLmwFznuF0dybTBqJHg2jj\\nHNSYx1LWVUPqWjbToZGmbeJtwlmIYXb+ztWvGS1PgBJJvlpDgtHhcR7eOqyVRsm0\\njOvfjd6T6vikz6eE13it2NYKOEOQSAl570DXcnQ3OUBKTMUB4Me1FCQWQDKPRF3g\\nSsp+cci/AgMBAAECggEAHAq5TilTr0gTNKodQyu5HypxKSFcsQ0nFE0dhQ3hO6da\\njZAhMSYHyq+v/xRlfQQ7R4enU8nxqglRgYjqz6wgA0Vn2JuJ/zqGFVl3+5yO2H7I\\nEEedYF2dc4Z1/E+6kgfqAvQQKr3i65GbIUzWT3r8mQLwq2UMc28YfQAbxtQzNPLV\\ns+623tkapknhQiNmzpaMx/dZF1ny9Nhb3oFSuKbxXlZCnf1wsLgIlqFjLj846vAo\\n+I8sZlUEh1XxEjJjWl+MMNzRKzRwuSVEzZSe7zXfXyWDZTVq7u7VmiqBx8mta5tt\\nAVjj383j3GNNxRSUQKEq9lPVpGx6skvUbQT0Wy5UrQKBgQDy9o+mfCGXBq8qzMQj\\nH1P8vS0Tr2vodkj9uJYmu22qb5NQ3ITNIwUmsXNQmGIoeR59kOaweBMojF3OMZZB\\n3KocueqLGKc5l4fBzi/iph1ZxyC5TBXNEJgnb5bsZaoSMbNzhGBE0Ii1LldA9uTW\\nLOKTBUBwEdvRlbQysCBX+Os43QKBgQDlho1cua3iFY5MedumPPJpzkVyDNRqkGsV\\nnUhUcM21iDFzepYEn4z6dywBnjKQXcZ1h/AYyexGkYGvxFyqVbw+Iadg5hoPEI9Y\\nppT5sXUNgCitgUWN6j+S/9X6v4CjRgGUSDB4Zw0Tw0h3JNjhL5ajRuMiW0OmF0T7\\n3uhFJxagSwKBgQCLgSMOVuv6ia3+h0B/YjeZQQ4m5WyyN2jFtj0Q1EGtwQ73OQdP\\nujH0+6LYvgZucs0dEBxFa0yk1aPvBu3dt1Q91kpjv64VFXqvvzIjk3n62Klje9pw\\nunyC+EHSTrWOaNc/Ft0n5gz46zjSZnESwQb/n95V+wsalji3egW4PYbiSQKBgA2R\\nUJXkm/S7VXgL1AIVpDbA7LX7MCtEcjAK5hWnvWE3tcSfwHJxhAHiPYWy9kY2ZN7Z\\ntEWi2gap30KmltuyybfagWxm7a9qSS7yWegQp1yu8Lig5Z2n9S4ZVWrHGzGLl9hO\\nFB9p6An9BzGTygY1q+/m5tJHFs6gnYFOAejkkJ/VAoGBAJHItX6weGaopy9PBkPY\\n/okOxXkLV0HzYem/O6WnZ3SVFwR6cvAT2r2Ie9DznMYmoPS9PEhe999q9/b43jyJ\\nycTQLfVGJMiuI+eYqKvB+xh/pn/bwdMmzKqcpFj46jsHAwrP2nUxRX1b1PveLq5J\\nVXOIr2MOi0BzyzY496UNOvBm\\n-----END PRIVATE KEY-----\\n\",\"clientEmail\":\"firebase-adminsdk-sq9i1@fir-functions-15864.iam.gserviceaccount.com\",\"httpClient\":{\"retry\":{\"maxRetries\":4,\"statusCodes\":[503],\"ioErrorCodes\":[\"ECONNRESET\",\"ETIMEDOUT\"],\"backOffFactor\":0.5,\"maxDelayInMillis\":60000}}},\"databaseURL\":\"https://fir-functions-15864.firebaseio.com\"}"}}
[warn] ⚠  functions: The Cloud Firestore emulator is not running, so calls to Firestore will affect production. {"metadata":{"emulator":{"name":"functions"},"message":"The Cloud Firestore emulator is not running, so calls to Firestore will affect production."}}
[info] ✔  functions[app]: http function initialized (http://localhost:5000/fir-functions-15864/us-central1/app). {"metadata":{"emulator":{"name":"functions"},"message":"\u001b[1mhttp\u001b[22m function initialized (http://localhost:5000/fir-functions-15864/us-central1/app)."}}
[debug] [2020-09-01T21:44:09.461Z] [worker-~diagnostic~-c59550f0-6088-42b6-a734-ce32b6dc238a]: IDLE {"metadata":{"emulator":{"name":"functions"},"message":"[worker-~diagnostic~-c59550f0-6088-42b6-a734-ce32b6dc238a]: IDLE"}}
[debug] [2020-09-01T21:44:11.664Z] [work-queue] {"queueLength":1,"workRunningCount":0}
[debug] [2020-09-01T21:44:11.665Z] [work-queue] {"queueLength":0,"workRunningCount":1}
[debug] [2020-09-01T21:44:11.665Z] Accepted request GET /fir-functions-15864/us-central1/app/api/products --> app
[debug] [2020-09-01T21:44:11.668Z] [worker-pool] addWorker(app) {"metadata":{"emulator":{"name":"functions"},"message":"[worker-pool] addWorker(app)"}}
[debug] [2020-09-01T21:44:11.669Z] [worker-pool] Adding worker with key app, total=1 {"metadata":{"emulator":{"name":"functions"},"message":"[worker-pool] Adding worker with key app, total=1"}}
[debug] [2020-09-01T21:44:11.669Z] [worker-pool] submitWork(triggerId=app) {"metadata":{"emulator":{"name":"functions"},"message":"[worker-pool] submitWork(triggerId=app)"}}
[debug] [2020-09-01T21:44:11.669Z] [worker-app-d90804be-40ef-4602-8041-846e9431d85e]: Assigning socketPath: /tmp/fire_emu_28185.sock {"metadata":{"emulator":{"name":"functions"},"message":"[worker-app-d90804be-40ef-4602-8041-846e9431d85e]: Assigning socketPath: /tmp/fire_emu_28185.sock"}}
[debug] [2020-09-01T21:44:11.669Z] [worker-app-d90804be-40ef-4602-8041-846e9431d85e]: BUSY {"metadata":{"emulator":{"name":"functions"},"message":"[worker-app-d90804be-40ef-4602-8041-846e9431d85e]: BUSY"}}
[debug] [2020-09-01T21:44:18.448Z] [runtime-status] [28185] Functions runtime initialized. {"cwd":"/mnt/c/Users/Gilbe/OneDrive/Documents/projects/node/firebase_functions/functions","node_version":"14.9.0"} {"metadata":{"emulator":{"name":"functions"},"function":{"name":"app"},"message":"[runtime-status] [28185] Functions runtime initialized. {\"cwd\":\"/mnt/c/Users/Gilbe/OneDrive/Documents/projects/node/firebase_functions/functions\",\"node_version\":\"14.9.0\"}"}}
[debug] [2020-09-01T21:44:18.452Z] [runtime-status] [28185] Disabled runtime features: undefined {"metadata":{"emulator":{"name":"functions"},"function":{"name":"app"},"message":"[runtime-status] [28185] Disabled runtime features: undefined"}}
[debug] [2020-09-01T21:44:18.502Z] [runtime-status] [28185] Resolved module firebase-admin {"declared":true,"installed":true,"version":"8.13.0","resolution":"/mnt/c/Users/Gilbe/OneDrive/Documents/projects/node/firebase_functions/functions/node_modules/firebase-admin/lib/index.js"} {"metadata":{"emulator":{"name":"functions"},"function":{"name":"app"},"message":"[runtime-status] [28185] Resolved module firebase-admin {\"declared\":true,\"installed\":true,\"version\":\"8.13.0\",\"resolution\":\"/mnt/c/Users/Gilbe/OneDrive/Documents/projects/node/firebase_functions/functions/node_modules/firebase-admin/lib/index.js\"}"}}
[debug] [2020-09-01T21:44:18.552Z] [runtime-status] [28185] Resolved module firebase-functions {"declared":true,"installed":true,"version":"3.11.0","resolution":"/mnt/c/Users/Gilbe/OneDrive/Documents/projects/node/firebase_functions/functions/node_modules/firebase-functions/lib/index.js"} {"metadata":{"emulator":{"name":"functions"},"function":{"name":"app"},"message":"[runtime-status] [28185] Resolved module firebase-functions {\"declared\":true,\"installed\":true,\"version\":\"3.11.0\",\"resolution\":\"/mnt/c/Users/Gilbe/OneDrive/Documents/projects/node/firebase_functions/functions/node_modules/firebase-functions/lib/index.js\"}"}}
[debug] [2020-09-01T21:44:18.563Z] [runtime-status] [28185] Resolved module firebase-functions {"declared":true,"installed":true,"version":"3.11.0","resolution":"/mnt/c/Users/Gilbe/OneDrive/Documents/projects/node/firebase_functions/functions/node_modules/firebase-functions/lib/index.js"} {"metadata":{"emulator":{"name":"functions"},"function":{"name":"app"},"message":"[runtime-status] [28185] Resolved module firebase-functions {\"declared\":true,\"installed\":true,\"version\":\"3.11.0\",\"resolution\":\"/mnt/c/Users/Gilbe/OneDrive/Documents/projects/node/firebase_functions/functions/node_modules/firebase-functions/lib/index.js\"}"}}
[debug] [2020-09-01T21:44:18.565Z] [runtime-status] [28185] Outgoing network have been stubbed. [{"name":"http","status":"mocked"},{"name":"http","status":"mocked"},{"name":"https","status":"mocked"},{"name":"https","status":"mocked"},{"name":"net","status":"mocked"}] {"metadata":{"emulator":{"name":"functions"},"function":{"name":"app"},"message":"[runtime-status] [28185] Outgoing network have been stubbed. [{\"name\":\"http\",\"status\":\"mocked\"},{\"name\":\"http\",\"status\":\"mocked\"},{\"name\":\"https\",\"status\":\"mocked\"},{\"name\":\"https\",\"status\":\"mocked\"},{\"name\":\"net\",\"status\":\"mocked\"}]"}}
[debug] [2020-09-01T21:44:18.575Z] [runtime-status] [28185] Resolved module firebase-functions {"declared":true,"installed":true,"version":"3.11.0","resolution":"/mnt/c/Users/Gilbe/OneDrive/Documents/projects/node/firebase_functions/functions/node_modules/firebase-functions/lib/index.js"} {"metadata":{"emulator":{"name":"functions"},"function":{"name":"app"},"message":"[runtime-status] [28185] Resolved module firebase-functions {\"declared\":true,\"installed\":true,\"version\":\"3.11.0\",\"resolution\":\"/mnt/c/Users/Gilbe/OneDrive/Documents/projects/node/firebase_functions/functions/node_modules/firebase-functions/lib/index.js\"}"}}
[debug] [2020-09-01T21:44:19.416Z] [runtime-status] [28185] Checked functions.config() {"config":{}} {"metadata":{"emulator":{"name":"functions"},"function":{"name":"app"},"message":"[runtime-status] [28185] Checked functions.config() {\"config\":{}}"}}
[debug] [2020-09-01T21:44:19.417Z] [runtime-status] [28185] firebase-functions has been stubbed. {"functionsResolution":{"declared":true,"installed":true,"version":"3.11.0","resolution":"/mnt/c/Users/Gilbe/OneDrive/Documents/projects/node/firebase_functions/functions/node_modules/firebase-functions/lib/index.js"}} {"metadata":{"emulator":{"name":"functions"},"function":{"name":"app"},"message":"[runtime-status] [28185] firebase-functions has been stubbed. {\"functionsResolution\":{\"declared\":true,\"installed\":true,\"version\":\"3.11.0\",\"resolution\":\"/mnt/c/Users/Gilbe/OneDrive/Documents/projects/node/firebase_functions/functions/node_modules/firebase-functions/lib/index.js\"}}"}}
[debug] [2020-09-01T21:44:19.426Z] [runtime-status] [28185] Resolved module firebase-functions {"declared":true,"installed":true,"version":"3.11.0","resolution":"/mnt/c/Users/Gilbe/OneDrive/Documents/projects/node/firebase_functions/functions/node_modules/firebase-functions/lib/index.js"} {"metadata":{"emulator":{"name":"functions"},"function":{"name":"app"},"message":"[runtime-status] [28185] Resolved module firebase-functions {\"declared\":true,\"installed\":true,\"version\":\"3.11.0\",\"resolution\":\"/mnt/c/Users/Gilbe/OneDrive/Documents/projects/node/firebase_functions/functions/node_modules/firebase-functions/lib/index.js\"}"}}
[debug] [2020-09-01T21:44:19.448Z] [runtime-status] [28185] Resolved module firebase-admin {"declared":true,"installed":true,"version":"8.13.0","resolution":"/mnt/c/Users/Gilbe/OneDrive/Documents/projects/node/firebase_functions/functions/node_modules/firebase-admin/lib/index.js"} {"metadata":{"emulator":{"name":"functions"},"function":{"name":"app"},"message":"[runtime-status] [28185] Resolved module firebase-admin {\"declared\":true,\"installed\":true,\"version\":\"8.13.0\",\"resolution\":\"/mnt/c/Users/Gilbe/OneDrive/Documents/projects/node/firebase_functions/functions/node_modules/firebase-admin/lib/index.js\"}"}}
[debug] [2020-09-01T21:44:19.459Z] [runtime-status] [28185] Resolved module firebase-functions {"declared":true,"installed":true,"version":"3.11.0","resolution":"/mnt/c/Users/Gilbe/OneDrive/Documents/projects/node/firebase_functions/functions/node_modules/firebase-functions/lib/index.js"} {"metadata":{"emulator":{"name":"functions"},"function":{"name":"app"},"message":"[runtime-status] [28185] Resolved module firebase-functions {\"declared\":true,\"installed\":true,\"version\":\"3.11.0\",\"resolution\":\"/mnt/c/Users/Gilbe/OneDrive/Documents/projects/node/firebase_functions/functions/node_modules/firebase-functions/lib/index.js\"}"}}
[debug] [2020-09-01T21:44:19.460Z] [runtime-status] [28185] firebase-admin has been stubbed. {"adminResolution":{"declared":true,"installed":true,"version":"8.13.0","resolution":"/mnt/c/Users/Gilbe/OneDrive/Documents/projects/node/firebase_functions/functions/node_modules/firebase-admin/lib/index.js"}} {"metadata":{"emulator":{"name":"functions"},"function":{"name":"app"},"message":"[runtime-status] [28185] firebase-admin has been stubbed. {\"adminResolution\":{\"declared\":true,\"installed\":true,\"version\":\"8.13.0\",\"resolution\":\"/mnt/c/Users/Gilbe/OneDrive/Documents/projects/node/firebase_functions/functions/node_modules/firebase-admin/lib/index.js\"}}"}}
[debug] [2020-09-01T21:44:23.504Z] [runtime-status] [28185] initializeApp(DEFAULT) {"credential":{"implicit":false,"projectId":"fir-functions-15864","privateKey":"-----BEGIN PRIVATE KEY-----\nMIIEvgIBADANBgkqhkiG9w0BAQEFAASCBKgwggSkAgEAAoIBAQDZ1kG47CKM4afA\nMhDhTmdJ67WktbJM+pZmeo4rGeCUV0bOVPTq5vqyQdZr00oorunq0U+XaUsd52B5\nsZIFCQSULyDZIBuD6E9/kbVa+TtezLCDzliinXOCjcjEMqQgDu5CfJj1uuVLrfhZ\nsmXQnHUwlRo2ZhqgarA2ZSlIFQ9fusyKicadTI1oTJBLmwFznuF0dybTBqJHg2jj\nHNSYx1LWVUPqWjbToZGmbeJtwlmIYXb+ztWvGS1PgBJJvlpDgtHhcR7eOqyVRsm0\njOvfjd6T6vikz6eE13it2NYKOEOQSAl570DXcnQ3OUBKTMUB4Me1FCQWQDKPRF3g\nSsp+cci/AgMBAAECggEAHAq5TilTr0gTNKodQyu5HypxKSFcsQ0nFE0dhQ3hO6da\njZAhMSYHyq+v/xRlfQQ7R4enU8nxqglRgYjqz6wgA0Vn2JuJ/zqGFVl3+5yO2H7I\nEEedYF2dc4Z1/E+6kgfqAvQQKr3i65GbIUzWT3r8mQLwq2UMc28YfQAbxtQzNPLV\ns+623tkapknhQiNmzpaMx/dZF1ny9Nhb3oFSuKbxXlZCnf1wsLgIlqFjLj846vAo\n+I8sZlUEh1XxEjJjWl+MMNzRKzRwuSVEzZSe7zXfXyWDZTVq7u7VmiqBx8mta5tt\nAVjj383j3GNNxRSUQKEq9lPVpGx6skvUbQT0Wy5UrQKBgQDy9o+mfCGXBq8qzMQj\nH1P8vS0Tr2vodkj9uJYmu22qb5NQ3ITNIwUmsXNQmGIoeR59kOaweBMojF3OMZZB\n3KocueqLGKc5l4fBzi/iph1ZxyC5TBXNEJgnb5bsZaoSMbNzhGBE0Ii1LldA9uTW\nLOKTBUBwEdvRlbQysCBX+Os43QKBgQDlho1cua3iFY5MedumPPJpzkVyDNRqkGsV\nnUhUcM21iDFzepYEn4z6dywBnjKQXcZ1h/AYyexGkYGvxFyqVbw+Iadg5hoPEI9Y\nppT5sXUNgCitgUWN6j+S/9X6v4CjRgGUSDB4Zw0Tw0h3JNjhL5ajRuMiW0OmF0T7\n3uhFJxagSwKBgQCLgSMOVuv6ia3+h0B/YjeZQQ4m5WyyN2jFtj0Q1EGtwQ73OQdP\nujH0+6LYvgZucs0dEBxFa0yk1aPvBu3dt1Q91kpjv64VFXqvvzIjk3n62Klje9pw\nunyC+EHSTrWOaNc/Ft0n5gz46zjSZnESwQb/n95V+wsalji3egW4PYbiSQKBgA2R\nUJXkm/S7VXgL1AIVpDbA7LX7MCtEcjAK5hWnvWE3tcSfwHJxhAHiPYWy9kY2ZN7Z\ntEWi2gap30KmltuyybfagWxm7a9qSS7yWegQp1yu8Lig5Z2n9S4ZVWrHGzGLl9hO\nFB9p6An9BzGTygY1q+/m5tJHFs6gnYFOAejkkJ/VAoGBAJHItX6weGaopy9PBkPY\n/okOxXkLV0HzYem/O6WnZ3SVFwR6cvAT2r2Ie9DznMYmoPS9PEhe999q9/b43jyJ\nycTQLfVGJMiuI+eYqKvB+xh/pn/bwdMmzKqcpFj46jsHAwrP2nUxRX1b1PveLq5J\nVXOIr2MOi0BzyzY496UNOvBm\n-----END PRIVATE KEY-----\n","clientEmail":"firebase-adminsdk-sq9i1@fir-functions-15864.iam.gserviceaccount.com","httpClient":{"retry":{"maxRetries":4,"statusCodes":[503],"ioErrorCodes":["ECONNRESET","ETIMEDOUT"],"backOffFactor":0.5,"maxDelayInMillis":60000}}},"databaseURL":"https://fir-functions-15864.firebaseio.com"} {"metadata":{"emulator":{"name":"functions"},"function":{"name":"app"},"message":"[runtime-status] [28185] initializeApp(DEFAULT) {\"credential\":{\"implicit\":false,\"projectId\":\"fir-functions-15864\",\"privateKey\":\"-----BEGIN PRIVATE KEY-----\\nMIIEvgIBADANBgkqhkiG9w0BAQEFAASCBKgwggSkAgEAAoIBAQDZ1kG47CKM4afA\\nMhDhTmdJ67WktbJM+pZmeo4rGeCUV0bOVPTq5vqyQdZr00oorunq0U+XaUsd52B5\\nsZIFCQSULyDZIBuD6E9/kbVa+TtezLCDzliinXOCjcjEMqQgDu5CfJj1uuVLrfhZ\\nsmXQnHUwlRo2ZhqgarA2ZSlIFQ9fusyKicadTI1oTJBLmwFznuF0dybTBqJHg2jj\\nHNSYx1LWVUPqWjbToZGmbeJtwlmIYXb+ztWvGS1PgBJJvlpDgtHhcR7eOqyVRsm0\\njOvfjd6T6vikz6eE13it2NYKOEOQSAl570DXcnQ3OUBKTMUB4Me1FCQWQDKPRF3g\\nSsp+cci/AgMBAAECggEAHAq5TilTr0gTNKodQyu5HypxKSFcsQ0nFE0dhQ3hO6da\\njZAhMSYHyq+v/xRlfQQ7R4enU8nxqglRgYjqz6wgA0Vn2JuJ/zqGFVl3+5yO2H7I\\nEEedYF2dc4Z1/E+6kgfqAvQQKr3i65GbIUzWT3r8mQLwq2UMc28YfQAbxtQzNPLV\\ns+623tkapknhQiNmzpaMx/dZF1ny9Nhb3oFSuKbxXlZCnf1wsLgIlqFjLj846vAo\\n+I8sZlUEh1XxEjJjWl+MMNzRKzRwuSVEzZSe7zXfXyWDZTVq7u7VmiqBx8mta5tt\\nAVjj383j3GNNxRSUQKEq9lPVpGx6skvUbQT0Wy5UrQKBgQDy9o+mfCGXBq8qzMQj\\nH1P8vS0Tr2vodkj9uJYmu22qb5NQ3ITNIwUmsXNQmGIoeR59kOaweBMojF3OMZZB\\n3KocueqLGKc5l4fBzi/iph1ZxyC5TBXNEJgnb5bsZaoSMbNzhGBE0Ii1LldA9uTW\\nLOKTBUBwEdvRlbQysCBX+Os43QKBgQDlho1cua3iFY5MedumPPJpzkVyDNRqkGsV\\nnUhUcM21iDFzepYEn4z6dywBnjKQXcZ1h/AYyexGkYGvxFyqVbw+Iadg5hoPEI9Y\\nppT5sXUNgCitgUWN6j+S/9X6v4CjRgGUSDB4Zw0Tw0h3JNjhL5ajRuMiW0OmF0T7\\n3uhFJxagSwKBgQCLgSMOVuv6ia3+h0B/YjeZQQ4m5WyyN2jFtj0Q1EGtwQ73OQdP\\nujH0+6LYvgZucs0dEBxFa0yk1aPvBu3dt1Q91kpjv64VFXqvvzIjk3n62Klje9pw\\nunyC+EHSTrWOaNc/Ft0n5gz46zjSZnESwQb/n95V+wsalji3egW4PYbiSQKBgA2R\\nUJXkm/S7VXgL1AIVpDbA7LX7MCtEcjAK5hWnvWE3tcSfwHJxhAHiPYWy9kY2ZN7Z\\ntEWi2gap30KmltuyybfagWxm7a9qSS7yWegQp1yu8Lig5Z2n9S4ZVWrHGzGLl9hO\\nFB9p6An9BzGTygY1q+/m5tJHFs6gnYFOAejkkJ/VAoGBAJHItX6weGaopy9PBkPY\\n/okOxXkLV0HzYem/O6WnZ3SVFwR6cvAT2r2Ie9DznMYmoPS9PEhe999q9/b43jyJ\\nycTQLfVGJMiuI+eYqKvB+xh/pn/bwdMmzKqcpFj46jsHAwrP2nUxRX1b1PveLq5J\\nVXOIr2MOi0BzyzY496UNOvBm\\n-----END PRIVATE KEY-----\\n\",\"clientEmail\":\"firebase-adminsdk-sq9i1@fir-functions-15864.iam.gserviceaccount.com\",\"httpClient\":{\"retry\":{\"maxRetries\":4,\"statusCodes\":[503],\"ioErrorCodes\":[\"ECONNRESET\",\"ETIMEDOUT\"],\"backOffFactor\":0.5,\"maxDelayInMillis\":60000}}},\"databaseURL\":\"https://fir-functions-15864.firebaseio.com\"}"}}
[warn] ⚠  functions: The Cloud Firestore emulator is not running, so calls to Firestore will affect production. {"metadata":{"emulator":{"name":"functions"},"function":{"name":"app"},"message":"The Cloud Firestore emulator is not running, so calls to Firestore will affect production."}}
[debug] [2020-09-01T21:44:32.490Z] [runtime-status] [28185] Trigger "app" has been found, beginning invocation! {"metadata":{"emulator":{"name":"functions"},"function":{"name":"app"},"message":"[runtime-status] [28185] Trigger \"app\" has been found, beginning invocation!"}}
[info] i  functions: Beginning execution of "app" {"metadata":{"emulator":{"name":"functions"},"function":{"name":"app"},"message":"Beginning execution of \"app\""}}
[debug] [2020-09-01T21:44:32.493Z] [runtime-status] [28185] triggerDefinition {"httpsTrigger":{},"name":"app","entryPoint":"app"} {"metadata":{"emulator":{"name":"functions"},"function":{"name":"app"},"message":"[runtime-status] [28185] triggerDefinition {\"httpsTrigger\":{},\"name\":\"app\",\"entryPoint\":\"app\"}"}}
[debug] [2020-09-01T21:44:32.493Z] [runtime-status] [28185] Running app in mode HTTPS {"metadata":{"emulator":{"name":"functions"},"function":{"name":"app"},"message":"[runtime-status] [28185] Running app in mode HTTPS"}}
[debug] [2020-09-01T21:44:32.520Z] [runtime-status] [28185] Attempting to listen to socketPath: /tmp/fire_emu_28185.sock {"metadata":{"emulator":{"name":"functions"},"function":{"name":"app"},"message":"[runtime-status] [28185] Attempting to listen to socketPath: /tmp/fire_emu_28185.sock"}}
[debug] [2020-09-01T21:44:32.532Z] [functions] Runtime ready! Sending request! {"metadata":{"emulator":{"name":"functions"},"message":"[functions] Runtime ready! Sending request!"}}
[debug] [2020-09-01T21:44:32.703Z] [runtime-status] [28185] Ephemeral server handling GET request {"metadata":{"emulator":{"name":"functions"},"function":{"name":"app"},"message":"[runtime-status] [28185] Ephemeral server handling GET request"}}
[debug] [2020-09-01T21:44:32.710Z] [runtime-status] [28185] Ephemeral server survived. {"metadata":{"emulator":{"name":"functions"},"function":{"name":"app"},"message":"[runtime-status] [28185] Ephemeral server survived."}}
[warn] ⚠  Google API requested!
   - URL: "https://www.googleapis.com/oauth2/v4/token"
   - Be careful, this may be a production service. {"metadata":{"emulator":{"name":"functions"},"function":{"name":"app"},"message":"Google API requested!\n   - URL: \"https://www.googleapis.com/oauth2/v4/token\"\n   - Be careful, this may be a production service."}}
[info] i  functions: Finished "app" in ~1s {"metadata":{"emulator":{"name":"functions"},"function":{"name":"app"},"message":"Finished \"app\" in ~1s"}}
[debug] [2020-09-01T21:44:33.764Z] [worker-app-d90804be-40ef-4602-8041-846e9431d85e]: IDLE {"metadata":{"emulator":{"name":"functions"},"message":"[worker-app-d90804be-40ef-4602-8041-846e9431d85e]: IDLE"}}
[debug] [2020-09-01T21:44:33.764Z] [work-queue] {"queueLength":0,"workRunningCount":0}
